#
# There is insufficient memory for the Java Runtime Environment to continue.
# Native memory allocation (malloc) failed to allocate 2141592 bytes. Error detail: Chunk::new
# Possible reasons:
#   The system is out of physical RAM or swap space
#   This process is running with CompressedOops enabled, and the Java Heap may be blocking the growth of the native heap
# Possible solutions:
#   Reduce memory load on the system
#   Increase physical memory or swap space
#   Check if swap backing store is full
#   Decrease Java heap size (-Xmx/-Xms)
#   Decrease number of Java threads
#   Decrease Java thread stack sizes (-Xss)
#   Set larger code cache with -XX:ReservedCodeCacheSize=
#   JVM is running with Unscaled Compressed Oops mode in which the Java heap is
#     placed in the first 4GB address space. The Java Heap base address is the
#     maximum limit for the native heap growth. Please use -XX:HeapBaseMinAddress
#     to set the Java Heap base and to place the Java Heap above 4GB virtual address.
# This output file may be truncated or incomplete.
#
#  Out of Memory Error (arena.cpp:186), pid=7064, tid=11320
#
# JRE version: Java(TM) SE Runtime Environment (25.0.3+9) (build 25.0.3+9-LTS-195)
# Java VM: Java HotSpot(TM) 64-Bit Server VM (25.0.3+9-LTS-195, mixed mode, sharing, tiered, compressed oops, compressed class ptrs, g1 gc, windows-amd64)
# No core dump will be written. Minidumps are not enabled by default on client versions of Windows
#

---------------  S U M M A R Y ------------

Command Line: -XX:+ShowCodeDetailsInExceptionMessages com.example.blog_app.BlogAppApplication

Host: 11th Gen Intel(R) Core(TM) i5-1135G7 @ 2.40GHz, 8 cores, 7G,  Windows 11 , 64 bit Build 26100 (10.0.26100.8328)
Time: Fri Jun  5 12:20:52 2026 elapsed time: 123.638780 seconds (0d 0h 2m 3s)

---------------  T H R E A D  ---------------

Current thread (0x000001d4d4d98b10):  JavaThread "C2 CompilerThread0" daemon [_thread_in_native, id=11320, stack(0x000000958f100000,0x000000958f200000) (1024K)]


Current CompileTask:
C2:123638 4755       4       java.lang.String::toLowerCase (29 bytes)

Stack: [0x000000958f100000,0x000000958f200000]
Native frames: (J=compiled Java code, j=interpreted, Vv=VM code, C=native code)
V  [jvm.dll+0x7a7d69]  (no source info available)
V  [jvm.dll+0x7739dd]  (no source info available)
V  [jvm.dll+0x9669f3]  (no source info available)
V  [jvm.dll+0x968ff1]  (no source info available)
V  [jvm.dll+0x969703]  (no source info available)
V  [jvm.dll+0x2fc9e6]  (no source info available)
V  [jvm.dll+0x111c96]  (no source info available)
V  [jvm.dll+0x111fbe]  (no source info available)
V  [jvm.dll+0x1a09f2]  (no source info available)
V  [jvm.dll+0x3b56d2]  (no source info available)
V  [jvm.dll+0x7ad6ff]  (no source info available)
V  [jvm.dll+0x2c0d37]  (no source info available)
V  [jvm.dll+0x2bfcff]  (no source info available)
V  [jvm.dll+0x237b20]  (no source info available)
V  [jvm.dll+0x2cfe26]  (no source info available)
V  [jvm.dll+0x2ce0a5]  (no source info available)
V  [jvm.dll+0x48ee81]  (no source info available)
V  [jvm.dll+0x907c6d]  (no source info available)
V  [jvm.dll+0x7a6345]  (no source info available)
C  [ucrtbase.dll+0x37b0]  (no source info available)
C  [KERNEL32.DLL+0x2e957]  (no source info available)
C  [ntdll.dll+0x427c]  (no source info available)

Lock stack of current Java thread (top to bottom):


---------------  P R O C E S S  ---------------

Threads class SMR info:
_java_thread_list=0x000001d4f908dea0, length=27, elements={
0x000001d4f18fb4e0, 0x000001d4f18fbf40, 0x000001d4f18ffc70, 0x000001d4f1902840,
0x000001d4f190c6a0, 0x000001d4f192d270, 0x000001d4d4d98b10, 0x000001d4d4d98300,
0x000001d4f1b121a0, 0x000001d4f1b14f50, 0x000001d4f6c5e640, 0x000001d4f6c5f5e0,
0x000001d4f6c61cf0, 0x000001d4f6c60580, 0x000001d4f6c60d50, 0x000001d4f6c61520,
0x000001d4f1906b70, 0x000001d4f721a5d0, 0x000001d4f721b570, 0x000001d4f721bd40,
0x000001d4f721c510, 0x000001d4f721d4b0, 0x000001d4f7219e00, 0x000001d4f721dc80,
0x000001d4f771a080, 0x000001d4f771df00, 0x000001d4f771cf60
}

Java Threads: ( => current thread )
  0x000001d4f18fb4e0 JavaThread "Reference Handler"          daemon [_thread_blocked, id=5732, stack(0x000000958eb00000,0x000000958ec00000) (1024K)]
  0x000001d4f18fbf40 JavaThread "Finalizer"                  daemon [_thread_blocked, id=7544, stack(0x000000958ec00000,0x000000958ed00000) (1024K)]
  0x000001d4f18ffc70 JavaThread "Signal Dispatcher"          daemon [_thread_blocked, id=24152, stack(0x000000958ed00000,0x000000958ee00000) (1024K)]
  0x000001d4f1902840 JavaThread "Attach Listener"            daemon [_thread_blocked, id=14880, stack(0x000000958ee00000,0x000000958ef00000) (1024K)]
  0x000001d4f190c6a0 JavaThread "Service Thread"             daemon [_thread_blocked, id=20728, stack(0x000000958ef00000,0x000000958f000000) (1024K)]
  0x000001d4f192d270 JavaThread "Monitor Deflation Thread"   daemon [_thread_blocked, id=20808, stack(0x000000958f000000,0x000000958f100000) (1024K)]
=>0x000001d4d4d98b10 JavaThread "C2 CompilerThread0"         daemon [_thread_in_native, id=11320, stack(0x000000958f100000,0x000000958f200000) (1024K)]
  0x000001d4d4d98300 JavaThread "C1 CompilerThread0"         daemon [_thread_blocked, id=9024, stack(0x000000958f200000,0x000000958f300000) (1024K)]
  0x000001d4f1b121a0 JavaThread "Notification Thread"        daemon [_thread_blocked, id=13788, stack(0x000000958f300000,0x000000958f400000) (1024K)]
  0x000001d4f1b14f50 JavaThread "Common-Cleaner"             daemon [_thread_blocked, id=26044, stack(0x000000958f400000,0x000000958f500000) (1024K)]
  0x000001d4f6c5e640 JavaThread "Catalina-utility-1"                [_thread_blocked, id=8468, stack(0x0000009590000000,0x0000009590100000) (1024K)]
  0x000001d4f6c5f5e0 JavaThread "Catalina-utility-2"                [_thread_blocked, id=24296, stack(0x0000009590100000,0x0000009590200000) (1024K)]
  0x000001d4f6c61cf0 JavaThread "container-0"                       [_thread_blocked, id=14612, stack(0x0000009590200000,0x0000009590300000) (1024K)]
  0x000001d4f6c60580 JavaThread "File Watcher"               daemon [_thread_blocked, id=9936, stack(0x0000009590300000,0x0000009590400000) (1024K)]
  0x000001d4f6c60d50 JavaThread "http-nio-8080-exec-1"       daemon [_thread_blocked, id=1776, stack(0x0000009590400000,0x0000009590500000) (1024K)]
  0x000001d4f6c61520 JavaThread "http-nio-8080-exec-2"       daemon [_thread_blocked, id=22964, stack(0x0000009590500000,0x0000009590600000) (1024K)]
  0x000001d4f1906b70 JavaThread "http-nio-8080-exec-3"       daemon [_thread_blocked, id=9256, stack(0x0000009590600000,0x0000009590700000) (1024K)]
  0x000001d4f721a5d0 JavaThread "http-nio-8080-exec-4"       daemon [_thread_blocked, id=1636, stack(0x0000009590700000,0x0000009590800000) (1024K)]
  0x000001d4f721b570 JavaThread "http-nio-8080-exec-5"       daemon [_thread_blocked, id=8876, stack(0x0000009590800000,0x0000009590900000) (1024K)]
  0x000001d4f721bd40 JavaThread "http-nio-8080-exec-6"       daemon [_thread_blocked, id=7836, stack(0x0000009590900000,0x0000009590a00000) (1024K)]
  0x000001d4f721c510 JavaThread "http-nio-8080-exec-7"       daemon [_thread_blocked, id=5356, stack(0x0000009590a00000,0x0000009590b00000) (1024K)]
  0x000001d4f721d4b0 JavaThread "http-nio-8080-exec-8"       daemon [_thread_blocked, id=17624, stack(0x0000009590b00000,0x0000009590c00000) (1024K)]
  0x000001d4f7219e00 JavaThread "http-nio-8080-exec-9"       daemon [_thread_blocked, id=10224, stack(0x0000009590c00000,0x0000009590d00000) (1024K)]
  0x000001d4f721dc80 JavaThread "http-nio-8080-exec-10"      daemon [_thread_blocked, id=10812, stack(0x0000009590d00000,0x0000009590e00000) (1024K)]
  0x000001d4f771a080 JavaThread "http-nio-8080-Poller"       daemon [_thread_in_native, id=25056, stack(0x0000009590e00000,0x0000009590f00000) (1024K)]
  0x000001d4f771df00 JavaThread "http-nio-8080-Acceptor"     daemon [_thread_in_native, id=22352, stack(0x0000009590f00000,0x0000009591000000) (1024K)]
  0x000001d4f771cf60 JavaThread "DestroyJavaVM"                     [_thread_blocked, id=17056, stack(0x000000958e300000,0x000000958e400000) (1024K)]
Total: 27

Other Threads:
  0x000001d4f18e0b30 VMThread "VM Thread"                           [id=20608, stack(0x000000958ea00000,0x000000958eb00000) (1024K)]
  0x000001d4d4d89160 WatcherThread "VM Periodic Task Thread"        [id=6340, stack(0x000000958e900000,0x000000958ea00000) (1024K)]
  0x000001d4d4de9ef0 WorkerThread "GC Thread#0"                     [id=7584, stack(0x000000958e400000,0x000000958e500000) (1024K)]
  0x000001d4f6b28be0 WorkerThread "GC Thread#1"                     [id=7504, stack(0x000000958f900000,0x000000958fa00000) (1024K)]
  0x000001d4f6b2a5c0 WorkerThread "GC Thread#2"                     [id=14592, stack(0x000000958fa00000,0x000000958fb00000) (1024K)]
  0x000001d4f6b27ef0 WorkerThread "GC Thread#3"                     [id=22652, stack(0x000000958fb00000,0x000000958fc00000) (1024K)]
  0x000001d4f6b29d20 WorkerThread "GC Thread#4"                     [id=25476, stack(0x000000958fc00000,0x000000958fd00000) (1024K)]
  0x000001d4f6b27aa0 WorkerThread "GC Thread#5"                     [id=26408, stack(0x000000958fd00000,0x000000958fe00000) (1024K)]
  0x000001d4f6b2aa10 WorkerThread "GC Thread#6"                     [id=8424, stack(0x000000958fe00000,0x000000958ff00000) (1024K)]
  0x000001d4f6b27200 WorkerThread "GC Thread#7"                     [id=15932, stack(0x000000958ff00000,0x0000009590000000) (1024K)]
  0x000001d4d4e02cf0 ConcurrentGCThread "G1 Main Marker"            [id=14040, stack(0x000000958e500000,0x000000958e600000) (1024K)]
  0x000001d4d4e04200 WorkerThread "G1 Conc#0"                       [id=15492, stack(0x000000958e600000,0x000000958e700000) (1024K)]
  0x000001d4f7f60f60 WorkerThread "G1 Conc#1"                       [id=16348, stack(0x000000958f800000,0x000000958f900000) (1024K)]
  0x000001d4f179d4a0 ConcurrentGCThread "G1 Refine#0"               [id=12228, stack(0x000000958e700000,0x000000958e800000) (1024K)]
  0x000001d4f179eec0 ConcurrentGCThread "G1 Service"                [id=7876, stack(0x000000958e800000,0x000000958e900000) (1024K)]
Total: 15

Threads with active compile tasks:
C2 CompilerThread0  123709 4755       4       java.lang.String::toLowerCase (29 bytes)
Total: 1

VM state: not at safepoint (normal execution)

VM Mutex/Monitor currently owned by a thread: None

Heap address: 0x0000000084200000, size: 1982 MB, Compressed Oops mode: 32-bit

CDS archive(s) mapped at: [0x000000001d000000-0x000000001ddd0000-0x000000001ddd0000), size 14483456, SharedBaseAddress: 0x000000001d000000, ArchiveRelocationMode: 1.
Compressed class space mapped at: 0x000000001e000000-0x000000005e000000, reserved size: 1073741824
UseCompressedClassPointers 1, UseCompactObjectHeaders 0
Narrow klass pointer bits 32, Max shift 3
Narrow klass base: 0x000000001d000000, Narrow klass shift: 0
Encoding Range: [0x000000001d000000 - 0x000000011d000000), (4294967296 bytes)
Klass Range:    [0x000000001d010000 - 0x000000005e000000), (1090453504 bytes)
Klass ID Range:  [65536 - 1090519033) (1090453497)
Protection zone: [0x000000001d000000 - 0x000000001d010000), (65536 bytes)

GC Precious Log:
 CardTable entry size: 512
 Card Set container configuration: InlinePtr #cards 5 size 8 Array Of Cards #cards 10 size 36 Howl #buckets 4 coarsen threshold 1843 Howl Bitmap #cards 512 size 80 coarsen threshold 460 Card regions per heap region 1 cards per card region 2048
 CPUs: 8 total, 8 available
 Memory: 7926M
 Large Page Support: Disabled
 NUMA Support: Disabled
 Compressed Oops: Enabled (32-bit)
 Heap Region Size: 1M
 Heap Min Capacity: 8M
 Heap Initial Capacity: 124M
 Heap Max Capacity: 1982M
 Pre-touch: Disabled
 Parallel Workers: 8
 Concurrent Workers: 2
 Concurrent Refinement Workers: 8
 Periodic GC: Disabled

Heap:
 garbage-first heap   total reserved 2029568K, committed 57344K, used 27480K [0x0000000084200000, 0x0000000100000000)
  region size 1024K, 13 young (13312K), 3 survivors (3072K)

Heap Regions: E=young(eden), S=young(survivor), O=old, HS=humongous(starts), HC=humongous(continues), CS=collection set, F=free, TAMS=top-at-mark-start, PB=parsable bottom
|   0|0x0000000084200000, 0x0000000084300000, 0x0000000084300000|100%| O|  |TAMS 0x0000000084200000| PB 0x0000000084200000| Untracked |  0
|   1|0x0000000084300000, 0x0000000084400000, 0x0000000084400000|100%| O|  |TAMS 0x0000000084300000| PB 0x0000000084300000| Untracked |  0
|   2|0x0000000084400000, 0x0000000084500000, 0x0000000084500000|100%| O|  |TAMS 0x0000000084400000| PB 0x0000000084400000| Untracked |  0
|   3|0x0000000084500000, 0x0000000084600000, 0x0000000084600000|100%| O|  |TAMS 0x0000000084500000| PB 0x0000000084500000| Untracked |  0
|   4|0x0000000084600000, 0x0000000084700000, 0x0000000084700000|100%| O|  |TAMS 0x0000000084600000| PB 0x0000000084600000| Untracked |  0
|   5|0x0000000084700000, 0x00000000847faf20, 0x0000000084800000| 98%| O|  |TAMS 0x0000000084700000| PB 0x0000000084700000| Untracked |  0
|   6|0x0000000084800000, 0x0000000084900000, 0x0000000084900000|100%| O|  |TAMS 0x0000000084800000| PB 0x0000000084800000| Untracked |  0
|   7|0x0000000084900000, 0x0000000084a00000, 0x0000000084a00000|100%| O|  |TAMS 0x0000000084900000| PB 0x0000000084900000| Untracked |  0
|   8|0x0000000084a00000, 0x0000000084b00000, 0x0000000084b00000|100%| O|  |TAMS 0x0000000084a00000| PB 0x0000000084a00000| Untracked |  0
|   9|0x0000000084b00000, 0x0000000084b83a90, 0x0000000084c00000| 51%| O|  |TAMS 0x0000000084b00000| PB 0x0000000084b00000| Untracked |  0
|  10|0x0000000084c00000, 0x0000000084c00000, 0x0000000084d00000|  0%| F|  |TAMS 0x0000000084c00000| PB 0x0000000084c00000| Untracked |  0
|  11|0x0000000084d00000, 0x0000000084d00000, 0x0000000084e00000|  0%| F|  |TAMS 0x0000000084d00000| PB 0x0000000084d00000| Untracked |  0
|  12|0x0000000084e00000, 0x0000000084e00000, 0x0000000084f00000|  0%| F|  |TAMS 0x0000000084e00000| PB 0x0000000084e00000| Untracked |  0
|  13|0x0000000084f00000, 0x0000000084f00000, 0x0000000085000000|  0%| F|  |TAMS 0x0000000084f00000| PB 0x0000000084f00000| Untracked |  0
|  14|0x0000000085000000, 0x0000000085000000, 0x0000000085100000|  0%| F|  |TAMS 0x0000000085000000| PB 0x0000000085000000| Untracked |  0
|  15|0x0000000085100000, 0x0000000085100000, 0x0000000085200000|  0%| F|  |TAMS 0x0000000085100000| PB 0x0000000085100000| Untracked |  0
|  16|0x0000000085200000, 0x0000000085200000, 0x0000000085300000|  0%| F|  |TAMS 0x0000000085200000| PB 0x0000000085200000| Untracked |  0
|  17|0x0000000085300000, 0x0000000085300000, 0x0000000085400000|  0%| F|  |TAMS 0x0000000085300000| PB 0x0000000085300000| Untracked |  0
|  18|0x0000000085400000, 0x0000000085457940, 0x0000000085500000| 34%| S|CS|TAMS 0x0000000085400000| PB 0x0000000085400000| Complete |  0
|  19|0x0000000085500000, 0x0000000085600000, 0x0000000085600000|100%| S|CS|TAMS 0x0000000085500000| PB 0x0000000085500000| Complete |  0
|  20|0x0000000085600000, 0x0000000085700000, 0x0000000085700000|100%| S|CS|TAMS 0x0000000085600000| PB 0x0000000085600000| Complete |  0
|  21|0x0000000085700000, 0x0000000085700000, 0x0000000085800000|  0%| F|  |TAMS 0x0000000085700000| PB 0x0000000085700000| Untracked |  0
|  22|0x0000000085800000, 0x0000000085800000, 0x0000000085900000|  0%| F|  |TAMS 0x0000000085800000| PB 0x0000000085800000| Untracked |  0
|  23|0x0000000085900000, 0x0000000085900000, 0x0000000085a00000|  0%| F|  |TAMS 0x0000000085900000| PB 0x0000000085900000| Untracked |  0
|  24|0x0000000085a00000, 0x0000000085a00000, 0x0000000085b00000|  0%| F|  |TAMS 0x0000000085a00000| PB 0x0000000085a00000| Untracked |  0
|  25|0x0000000085b00000, 0x0000000085b00000, 0x0000000085c00000|  0%| F|  |TAMS 0x0000000085b00000| PB 0x0000000085b00000| Untracked |  0
|  26|0x0000000085c00000, 0x0000000085c00000, 0x0000000085d00000|  0%| F|  |TAMS 0x0000000085c00000| PB 0x0000000085c00000| Untracked |  0
|  27|0x0000000085d00000, 0x0000000085d00000, 0x0000000085e00000|  0%| F|  |TAMS 0x0000000085d00000| PB 0x0000000085d00000| Untracked |  0
|  28|0x0000000085e00000, 0x0000000085e00000, 0x0000000085f00000|  0%| F|  |TAMS 0x0000000085e00000| PB 0x0000000085e00000| Untracked |  0
|  29|0x0000000085f00000, 0x0000000085f00000, 0x0000000086000000|  0%| F|  |TAMS 0x0000000085f00000| PB 0x0000000085f00000| Untracked |  0
|  30|0x0000000086000000, 0x0000000086000000, 0x0000000086100000|  0%| F|  |TAMS 0x0000000086000000| PB 0x0000000086000000| Untracked |  0
|  31|0x0000000086100000, 0x0000000086100000, 0x0000000086200000|  0%| F|  |TAMS 0x0000000086100000| PB 0x0000000086100000| Untracked |  0
|  32|0x0000000086200000, 0x0000000086200000, 0x0000000086300000|  0%| F|  |TAMS 0x0000000086200000| PB 0x0000000086200000| Untracked |  0
|  33|0x0000000086300000, 0x0000000086300000, 0x0000000086400000|  0%| F|  |TAMS 0x0000000086300000| PB 0x0000000086300000| Untracked |  0
|  34|0x0000000086400000, 0x0000000086400000, 0x0000000086500000|  0%| F|  |TAMS 0x0000000086400000| PB 0x0000000086400000| Untracked |  0
|  35|0x0000000086500000, 0x0000000086500000, 0x0000000086600000|  0%| F|  |TAMS 0x0000000086500000| PB 0x0000000086500000| Untracked |  0
|  36|0x0000000086600000, 0x0000000086600000, 0x0000000086700000|  0%| F|  |TAMS 0x0000000086600000| PB 0x0000000086600000| Untracked |  0
|  37|0x0000000086700000, 0x0000000086700000, 0x0000000086800000|  0%| F|  |TAMS 0x0000000086700000| PB 0x0000000086700000| Untracked |  0
|  38|0x0000000086800000, 0x0000000086800000, 0x0000000086900000|  0%| F|  |TAMS 0x0000000086800000| PB 0x0000000086800000| Untracked |  0
|  39|0x0000000086900000, 0x0000000086900000, 0x0000000086a00000|  0%| F|  |TAMS 0x0000000086900000| PB 0x0000000086900000| Untracked |  0
|  40|0x0000000086a00000, 0x0000000086ad6e70, 0x0000000086b00000| 83%| E|  |TAMS 0x0000000086a00000| PB 0x0000000086a00000| Complete |  0
|  41|0x0000000086b00000, 0x0000000086c00000, 0x0000000086c00000|100%| E|CS|TAMS 0x0000000086b00000| PB 0x0000000086b00000| Complete |  0
|  66|0x0000000088400000, 0x0000000088500000, 0x0000000088500000|100%| E|CS|TAMS 0x0000000088400000| PB 0x0000000088400000| Complete |  0
|  67|0x0000000088500000, 0x0000000088600000, 0x0000000088600000|100%| E|CS|TAMS 0x0000000088500000| PB 0x0000000088500000| Complete |  0
|  68|0x0000000088600000, 0x0000000088700000, 0x0000000088700000|100%| E|CS|TAMS 0x0000000088600000| PB 0x0000000088600000| Complete |  0
|  69|0x0000000088700000, 0x0000000088800000, 0x0000000088800000|100%| E|CS|TAMS 0x0000000088700000| PB 0x0000000088700000| Complete |  0
|  70|0x0000000088800000, 0x0000000088900000, 0x0000000088900000|100%| E|CS|TAMS 0x0000000088800000| PB 0x0000000088800000| Complete |  0
|  77|0x0000000088f00000, 0x0000000089000000, 0x0000000089000000|100%| E|CS|TAMS 0x0000000088f00000| PB 0x0000000088f00000| Complete |  0
| 123|0x000000008bd00000, 0x000000008be00000, 0x000000008be00000|100%| E|CS|TAMS 0x000000008bd00000| PB 0x000000008bd00000| Complete |  0
|1975|0x00000000ff900000, 0x00000000ffa00000, 0x00000000ffa00000|100%| O|  |TAMS 0x00000000ff900000| PB 0x00000000ff900000| Untracked |  0
|1976|0x00000000ffa00000, 0x00000000ffb00000, 0x00000000ffb00000|100%| O|  |TAMS 0x00000000ffa00000| PB 0x00000000ffa00000| Untracked |  0
|1977|0x00000000ffb00000, 0x00000000ffc00000, 0x00000000ffc00000|100%| O|  |TAMS 0x00000000ffb00000| PB 0x00000000ffb00000| Untracked |  0
|1978|0x00000000ffc00000, 0x00000000ffd00000, 0x00000000ffd00000|100%| O|  |TAMS 0x00000000ffc00000| PB 0x00000000ffc00000| Untracked |  0
|1979|0x00000000ffd00000, 0x00000000ffe00000, 0x00000000ffe00000|100%| O|  |TAMS 0x00000000ffd00000| PB 0x00000000ffd00000| Untracked |  0
|1980|0x00000000ffe00000, 0x00000000fff00000, 0x00000000fff00000|100%| O|  |TAMS 0x00000000ffe00000| PB 0x00000000ffe00000| Untracked |  0
|1981|0x00000000fff00000, 0x0000000100000000, 0x0000000100000000|100%| E|CS|TAMS 0x00000000fff00000| PB 0x00000000fff00000| Complete |  0

Card table byte_map: [0x000001d4ecd30000,0x000001d4ed110000] _byte_map_base: 0x000001d4ec90f000

Marking Bits: (CMBitMap*) 0x000001d4d4deac90
 Bits: [0x000001d4ed110000, 0x000001d4ef008000)

Polling page: 0x000001d4d2f00000

Metaspace:
Metaspace        used 34421K, committed 34816K, reserved 1114112K
 class space     used 4569K, committed 4736K, reserved 1048576K

Usage:
  Non-class:     29.15 MB used.
      Class:      4.46 MB used.
       Both:     33.61 MB used.

Virtual space:
  Non-class space:       64.00 MB reserved,      29.38 MB ( 46%) committed,  1 nodes.
      Class space:        1.00 GB reserved,       4.62 MB ( <1%) committed,  1 nodes.
             Both:        1.06 GB reserved,      34.00 MB (  3%) committed. 

Chunk freelists:
   Non-Class:  2.45 MB
       Class:  11.33 MB
        Both:  13.78 MB

MaxMetaspaceSize: unlimited
CompressedClassSpaceSize: 1.00 GB
Initial GC threshold: 21.00 MB
Current GC threshold: 35.12 MB
CDS: on
 - commit_granule_bytes: 65536.
 - commit_granule_words: 8192.
 - virtual_space_node_default_size: 8388608.
 - enlarge_chunks_in_place: 1.
UseCompressedClassPointers 1, UseCompactObjectHeaders 0
Narrow klass pointer bits 32, Max shift 3
Narrow klass base: 0x000000001d000000, Narrow klass shift: 0
Encoding Range: [0x000000001d000000 - 0x000000011d000000), (4294967296 bytes)
Klass Range:    [0x000000001d010000 - 0x000000005e000000), (1090453504 bytes)
Klass ID Range:  [65536 - 1090519033) (1090453497)
Protection zone: [0x000000001d000000 - 0x000000001d010000), (65536 bytes)


Internal statistics:

num_allocs_failed_limit: 3.
num_arena_births: 478.
num_arena_deaths: 0.
num_vsnodes_births: 2.
num_vsnodes_deaths: 0.
num_space_committed: 544.
num_space_uncommitted: 0.
num_chunks_returned_to_freelist: 3.
num_chunks_taken_from_freelist: 1706.
num_chunk_merges: 3.
num_chunk_splits: 1166.
num_chunks_enlarged: 910.
num_inconsistent_stats: 0.

CodeHeap 'non-profiled nmethods': size=120064Kb used=1857Kb max_used=1857Kb free=118206Kb
 bounds [0x000001d4e50e0000, 0x000001d4e5350000, 0x000001d4ec620000]
CodeHeap 'profiled nmethods': size=120000Kb used=7697Kb max_used=7697Kb free=112302Kb
 bounds [0x000001d4dd620000, 0x000001d4dddb0000, 0x000001d4e4b50000]
CodeHeap 'non-nmethods': size=5696Kb used=1649Kb max_used=1715Kb free=4046Kb
 bounds [0x000001d4e4b50000, 0x000001d4e4dc0000, 0x000001d4e50e0000]
CodeCache: size=245760Kb, used=11203Kb, max_used=11269Kb, free=234554Kb
 total_blobs=5374, nmethods=4756, adapters=520, full_count=0
Compilation: enabled, stopped_count=0, restarted_count=0

Compilation events (20 events):
Event: 104.762 Thread 0x000001d4d4d98300 nmethod 4747 0x000001d4ddda2c08 code [0x000001d4ddda2d00, 0x000001d4ddda2e20]
Event: 106.763 Thread 0x000001d4d4d98300 4748       1       java.nio.channels.SelectionKey::attachment (5 bytes)
Event: 106.763 Thread 0x000001d4d4d98300 nmethod 4748 0x000001d4e52afb08 code [0x000001d4e52afc00, 0x000001d4e52afcc8]
Event: 111.765 Thread 0x000001d4d4d98300 4749       1       org.apache.tomcat.util.net.NioEndpoint$NioSocketWrapper::getLastRead (5 bytes)
Event: 111.766 Thread 0x000001d4d4d98300 nmethod 4749 0x000001d4e52afe08 code [0x000001d4e52aff00, 0x000001d4e52affd0]
Event: 111.766 Thread 0x000001d4d4d98300 4750       1       org.apache.tomcat.util.net.SocketWrapperBase::getReadTimeout (5 bytes)
Event: 111.766 Thread 0x000001d4d4d98300 nmethod 4750 0x000001d4e52b0108 code [0x000001d4e52b0200, 0x000001d4e52b02d0]
Event: 115.968 Thread 0x000001d4d4d98300 4751       3       java.util.concurrent.locks.AbstractQueuedSynchronizer$ConditionObject::signal (34 bytes)
Event: 115.969 Thread 0x000001d4d4d98300 nmethod 4751 0x000001d4ddda2f08 code [0x000001d4ddda3000, 0x000001d4ddda3348]
Event: 118.768 Thread 0x000001d4d4d98300 4752       3       java.nio.channels.spi.AbstractInterruptibleChannel::blockedOn (10 bytes)
Event: 118.768 Thread 0x000001d4d4d98300 nmethod 4752 0x000001d4ddda3388 code [0x000001d4ddda3480, 0x000001d4ddda3958]
Event: 118.768 Thread 0x000001d4d4d98300 4753       3       java.lang.System$1::blockedOn (8 bytes)
Event: 118.769 Thread 0x000001d4d4d98300 nmethod 4753 0x000001d4ddda3988 code [0x000001d4ddda3a80, 0x000001d4ddda3e68]
Event: 119.768 Thread 0x000001d4d4d98300 4754       3       jdk.internal.misc.Unsafe::weakCompareAndSetLong (11 bytes)
Event: 119.768 Thread 0x000001d4d4d98300 nmethod 4754 0x000001d4ddda3e88 code [0x000001d4ddda3f80, 0x000001d4ddda40a8]
Event: 121.584 Thread 0x000001d4d4d98b10 4755       4       java.lang.String::toLowerCase (29 bytes)
Event: 122.567 Thread 0x000001d4d4d98300 4756       1       org.apache.catalina.util.LifecycleBase::getState (5 bytes)
Event: 122.567 Thread 0x000001d4d4d98300 nmethod 4756 0x000001d4e52b0408 code [0x000001d4e52b0500, 0x000001d4e52b05c8]
Event: 123.034 Thread 0x000001d4d4d98300 4757       3       java.util.HashMap$KeySet::contains (9 bytes)
Event: 123.034 Thread 0x000001d4d4d98300 nmethod 4757 0x000001d4ddda4188 code [0x000001d4ddda4280, 0x000001d4ddda4458]

GC Heap Usage History (8 events):
Event: 0.964 {heap Before GC invocations=0 (full 0):
 garbage-first heap   total reserved 2029568K, committed 129024K, used 49301K [0x0000000084200000, 0x0000000100000000)
  region size 1024K, 47 young (48128K), 0 survivors (0K)
}
Event: 0.970 {heap After GC invocations=1 (full 0):
 garbage-first heap   total reserved 2029568K, committed 129024K, used 7349K [0x0000000084200000, 0x0000000100000000)
  region size 1024K, 6 young (6144K), 6 survivors (6144K)
}
Event: 1.844 {heap Before GC invocations=1 (full 0):
 garbage-first heap   total reserved 2029568K, committed 129024K, used 53429K [0x0000000084200000, 0x0000000100000000)
  region size 1024K, 52 young (53248K), 6 survivors (6144K)
}
Event: 1.852 {heap After GC invocations=2 (full 0):
 garbage-first heap   total reserved 2029568K, committed 129024K, used 12801K [0x0000000084200000, 0x0000000100000000)
  region size 1024K, 6 young (6144K), 6 survivors (6144K)
}
Event: 2.690 {heap Before GC invocations=3 (full 0):
 garbage-first heap   total reserved 2029568K, committed 48128K, used 46593K [0x0000000084200000, 0x0000000100000000)
  region size 1024K, 39 young (39936K), 6 survivors (6144K)
}
Event: 2.701 {heap After GC invocations=4 (full 0):
 garbage-first heap   total reserved 2029568K, committed 57344K, used 16168K [0x0000000084200000, 0x0000000100000000)
  region size 1024K, 4 young (4096K), 4 survivors (4096K)
}
Event: 17.462 {heap Before GC invocations=4 (full 0):
 garbage-first heap   total reserved 2029568K, committed 57344K, used 40744K [0x0000000084200000, 0x0000000100000000)
  region size 1024K, 28 young (28672K), 4 survivors (4096K)
}
Event: 17.466 {heap After GC invocations=5 (full 0):
 garbage-first heap   total reserved 2029568K, committed 57344K, used 18264K [0x0000000084200000, 0x0000000100000000)
  region size 1024K, 3 young (3072K), 3 survivors (3072K)
}

Metaspace Usage History (8 events):
Event: 0.964 {metaspace Before GC invocations=0 (full 0):
 Metaspace       used 12466K, committed 12736K, reserved 1114112K
  class space    used 1569K, committed 1664K, reserved 1048576K
}
Event: 0.970 {metaspace After GC invocations=1 (full 0):
 Metaspace       used 12466K, committed 12736K, reserved 1114112K
  class space    used 1569K, committed 1664K, reserved 1048576K
}
Event: 1.844 {metaspace Before GC invocations=1 (full 0):
 Metaspace       used 21209K, committed 21504K, reserved 1114112K
  class space    used 2720K, committed 2880K, reserved 1048576K
}
Event: 1.852 {metaspace After GC invocations=2 (full 0):
 Metaspace       used 21209K, committed 21504K, reserved 1114112K
  class space    used 2720K, committed 2880K, reserved 1048576K
}
Event: 2.690 {metaspace Before GC invocations=3 (full 0):
 Metaspace       used 26947K, committed 27328K, reserved 1114112K
  class space    used 3532K, committed 3712K, reserved 1048576K
}
Event: 2.701 {metaspace After GC invocations=4 (full 0):
 Metaspace       used 26947K, committed 27328K, reserved 1114112K
  class space    used 3532K, committed 3712K, reserved 1048576K
}
Event: 17.462 {metaspace Before GC invocations=4 (full 0):
 Metaspace       used 32022K, committed 32384K, reserved 1114112K
  class space    used 4250K, committed 4416K, reserved 1048576K
}
Event: 17.466 {metaspace After GC invocations=5 (full 0):
 Metaspace       used 32022K, committed 32384K, reserved 1114112K
  class space    used 4250K, committed 4416K, reserved 1048576K
}

Dll operation events (9 events):
Event: 0.011 Loaded shared library C:\Program Files\Java\jdk-25.0.3\bin\java.dll
Event: 0.076 Loaded shared library C:\Program Files\Java\jdk-25.0.3\bin\net.dll
Event: 0.079 Loaded shared library C:\Program Files\Java\jdk-25.0.3\bin\nio.dll
Event: 0.082 Loaded shared library C:\Program Files\Java\jdk-25.0.3\bin\zip.dll
Event: 0.149 Loaded shared library C:\Program Files\Java\jdk-25.0.3\bin\jimage.dll
Event: 0.399 Loaded shared library C:\Program Files\Java\jdk-25.0.3\bin\management.dll
Event: 0.402 Loaded shared library C:\Program Files\Java\jdk-25.0.3\bin\management_ext.dll
Event: 1.147 Loaded shared library C:\Program Files\Java\jdk-25.0.3\bin\sunmscapi.dll
Event: 2.946 Loaded shared library C:\Program Files\Java\jdk-25.0.3\bin\extnet.dll

Deoptimization events (20 events):
Event: 17.599 Thread 0x000001d4f6c60d50 DEOPT PACKING pc=0x000001d4e52a5e38 sp=0x00000095904fcac0
Event: 17.599 Thread 0x000001d4f6c60d50 DEOPT UNPACKING pc=0x000001d4e4c82082 sp=0x00000095904fc9f8 mode 2
Event: 22.680 Thread 0x000001d4f6c60580 DEOPT PACKING pc=0x000001d4ddd4e28d sp=0x00000095903fef50
Event: 22.680 Thread 0x000001d4f6c60580 DEOPT UNPACKING pc=0x000001d4e4ba12a2 sp=0x00000095903fe3e8 mode 0
Event: 23.085 Thread 0x000001d4f6c60580 DEOPT PACKING pc=0x000001d4ddd4f4e8 sp=0x00000095903ff130
Event: 23.085 Thread 0x000001d4f6c60580 DEOPT UNPACKING pc=0x000001d4e4ba12a2 sp=0x00000095903fe600 mode 0
Event: 43.193 Thread 0x000001d4f6c60580 DEOPT PACKING pc=0x000001d4ddd5117f sp=0x00000095903ff110
Event: 43.193 Thread 0x000001d4f6c60580 DEOPT UNPACKING pc=0x000001d4e4ba12a2 sp=0x00000095903fe5a0 mode 0
Event: 77.647 Thread 0x000001d4f6c61520 Uncommon trap: trap_request=0xffffffde fr.pc=0x000001d4e51ca550 relative=0x0000000000007a50
Event: 77.647 Thread 0x000001d4f6c61520 Uncommon trap: reason=class_check action=maybe_recompile pc=0x000001d4e51ca550 method=jdk.internal.util.ReferencedKeyMap.existingKey(Ljdk/internal/util/ReferencedKeyMap;Ljava/lang/Object;)Ljava/lang/Object; @ 13 c2
Event: 77.647 Thread 0x000001d4f6c61520 DEOPT PACKING pc=0x000001d4e51ca550 sp=0x00000095905fe4f0
Event: 77.647 Thread 0x000001d4f6c61520 DEOPT UNPACKING pc=0x000001d4e4c82082 sp=0x00000095905fe1d8 mode 2
Event: 104.686 Thread 0x000001d4f721a5d0 Uncommon trap: trap_request=0xffffff6e fr.pc=0x000001d4e52a2e84 relative=0x0000000000000404
Event: 104.686 Thread 0x000001d4f721a5d0 Uncommon trap: reason=predicate action=maybe_recompile pc=0x000001d4e52a2e84 method=java.util.TimSort.reverseRange([Ljava/lang/Object;II)V @ 5 c2
Event: 104.686 Thread 0x000001d4f721a5d0 DEOPT PACKING pc=0x000001d4e52a2e84 sp=0x00000095907fd630
Event: 104.686 Thread 0x000001d4f721a5d0 DEOPT UNPACKING pc=0x000001d4e4c82082 sp=0x00000095907fd548 mode 2
Event: 104.694 Thread 0x000001d4f721a5d0 Uncommon trap: trap_request=0xffffff5e fr.pc=0x000001d4e51686e4 relative=0x00000000000004e4
Event: 104.694 Thread 0x000001d4f721a5d0 Uncommon trap: reason=speculate_class_check action=maybe_recompile pc=0x000001d4e51686e4 method=java.lang.String.<init>(Ljava/lang/AbstractStringBuilder;Ljava/lang/Void;)V @ 10 c2
Event: 104.694 Thread 0x000001d4f721a5d0 DEOPT PACKING pc=0x000001d4e51686e4 sp=0x00000095907fd9a0
Event: 104.694 Thread 0x000001d4f721a5d0 DEOPT UNPACKING pc=0x000001d4e4c82082 sp=0x00000095907fd970 mode 2

Classes loaded (20 events):
Event: 104.682 Loading class java/util/function/IntBinaryOperator
Event: 104.682 Loading class java/util/function/IntBinaryOperator done
Event: 104.682 Loading class java/util/stream/ReduceOps$7
Event: 104.683 Loading class java/util/stream/ReduceOps$7 done
Event: 104.683 Loading class java/util/stream/ReduceOps$6ReducingSink
Event: 104.683 Loading class java/util/stream/ReduceOps$6ReducingSink done
Event: 104.683 Loading class java/util/stream/ReferencePipeline$4$1
Event: 104.683 Loading class java/util/stream/ReferencePipeline$4$1 done
Event: 104.683 Loading class java/util/OptionalInt
Event: 104.684 Loading class java/util/OptionalInt done
Event: 104.693 Loading class java/lang/Throwable$WrappedPrintWriter
Event: 104.694 Loading class java/lang/Throwable$PrintStreamOrWriter
Event: 104.694 Loading class java/lang/Throwable$PrintStreamOrWriter done
Event: 104.694 Loading class java/lang/Throwable$WrappedPrintWriter done
Event: 104.735 Loading class java/util/AbstractMap$SimpleEntry
Event: 104.736 Loading class java/util/AbstractMap$SimpleEntry done
Event: 104.744 Loading class java/util/OptionalLong
Event: 104.744 Loading class java/util/OptionalLong done
Event: 104.744 Loading class java/util/OptionalDouble
Event: 104.745 Loading class java/util/OptionalDouble done

Classes unloaded (0 events):
No events

Classes redefined (0 events):
No events

Internal exceptions (20 events):
Event: 2.569 Thread 0x000001d4f68b5440 Exception <a 'java/lang/NoSuchMethodError'{0x0000000084cdae70}: 'void java.lang.invoke.DirectMethodHandle$Holder.invokeVirtual(java.lang.Object, java.lang.Object, long)'> (0x0000000084cdae70) 
thrown [s\open\src\hotspot\share\interpreter\linkResolver.cpp, line 804]
Event: 2.637 Thread 0x000001d4f68b5440 Exception <a 'java/lang/NoSuchMethodError'{0x0000000084ac11b0}: 'java.lang.Object java.lang.invoke.DirectMethodHandle$Holder.newInvokeSpecial(java.lang.Object, java.lang.Object, java.lang.Object, java.lang.Object, java.lang.Object, java.lang.Object, java.lang.Object, java.lang.Object, java.lang.Object, java.lang.Object, java.lang.Object)'> (0x0000000084ac11b0) 
thrown [s\open\src\hotspot\share\interpreter\linkResolver.cpp, line 804]
Event: 2.652 Thread 0x000001d4f68b5440 Exception <a 'java/io/IOException'{0x00000000849715b8}> (0x00000000849715b8) 
thrown [s\open\src\hotspot\share\prims\jni.cpp, line 516]
Event: 2.683 Thread 0x000001d4f68b5440 Exception <a 'java/lang/NoSuchMethodError'{0x00000000848ada70}: 'java.lang.Object java.lang.invoke.DirectMethodHandle$Holder.invokeVirtual(java.lang.Object, java.lang.Object, java.lang.Object, java.lang.Object)'> (0x00000000848ada70) 
thrown [s\open\src\hotspot\share\interpreter\linkResolver.cpp, line 804]
Event: 2.715 Thread 0x000001d4f68b5440 Exception <a 'java/lang/NoSuchMethodError'{0x000000008bd8cca8}: 'java.lang.Object java.lang.invoke.DirectMethodHandle$Holder.invokeVirtual(java.lang.Object, java.lang.Object, java.lang.Object, int)'> (0x000000008bd8cca8) 
thrown [s\open\src\hotspot\share\interpreter\linkResolver.cpp, line 804]
Event: 2.740 Thread 0x000001d4f68b5440 Exception <a 'java/lang/NoSuchMethodError'{0x0000000088825af8}: 'java.lang.Object java.lang.invoke.DirectMethodHandle$Holder.invokeVirtual(java.lang.Object, java.lang.Object, int)'> (0x0000000088825af8) 
thrown [s\open\src\hotspot\share\interpreter\linkResolver.cpp, line 804]
Event: 2.798 Thread 0x000001d4f68b5440 Exception <a 'java/lang/IncompatibleClassChangeError'{0x00000000885c3a20}: Found class java.lang.Object, but interface was expected> (0x00000000885c3a20) 
thrown [s\open\src\hotspot\share\interpreter\linkResolver.cpp, line 871]
Event: 2.848 Thread 0x000001d4f68b5440 Exception <a 'java/lang/NoSuchMethodError'{0x00000000866ca760}: 'int java.lang.invoke.DirectMethodHandle$Holder.invokeStaticInit(java.lang.Object, java.lang.Object, java.lang.Object, java.lang.Object)'> (0x00000000866ca760) 
thrown [s\open\src\hotspot\share\interpreter\linkResolver.cpp, line 804]
Event: 2.939 Thread 0x000001d4f68b5440 Exception <a 'java/lang/NoSuchMethodError'{0x00000000862b6028}: 'java.lang.Object java.lang.invoke.DirectMethodHandle$Holder.newInvokeSpecial(java.lang.Object, java.lang.Object, int, java.lang.Object, java.lang.Object)'> (0x00000000862b6028) 
thrown [s\open\src\hotspot\share\interpreter\linkResolver.cpp, line 804]
Event: 16.886 Thread 0x000001d4f771df00 Exception <a 'java/lang/NoSuchMethodError'{0x00000000860d5930}: 'java.lang.Object java.lang.invoke.DirectMethodHandle$Holder.invokeStatic(java.lang.Object, java.lang.Object, java.lang.Object, int, int)'> (0x00000000860d5930) 
thrown [s\open\src\hotspot\share\interpreter\linkResolver.cpp, line 804]
Event: 16.887 Thread 0x000001d4f771df00 Exception <a 'java/lang/NoSuchMethodError'{0x0000000085ef9120}: 'java.lang.Object java.lang.invoke.DirectMethodHandle$Holder.invokeStaticInit(java.lang.Object, java.lang.Object, java.lang.Object, int, int)'> (0x0000000085ef9120) 
thrown [s\open\src\hotspot\share\interpreter\linkResolver.cpp, line 804]
Event: 17.251 Thread 0x000001d4f6c60d50 Exception <a 'java/lang/NoSuchMethodError'{0x0000000085df45a8}: 'java.lang.Object java.lang.invoke.DirectMethodHandle$Holder.invokeSpecial(java.lang.Object, java.lang.Object, java.lang.Object, java.lang.Object, java.lang.Object, long)'> (0x0000000085df45a8) 
thrown [s\open\src\hotspot\share\interpreter\linkResolver.cpp, line 804]
Event: 17.252 Thread 0x000001d4f6c60d50 Exception <a 'java/lang/NoSuchMethodError'{0x0000000085dfce70}: 'java.lang.Object java.lang.invoke.DirectMethodHandle$Holder.invokeSpecial(java.lang.Object, java.lang.Object, java.lang.Object, java.lang.Object, java.lang.Object, java.lang.Object, long)'> (0x0000000085dfce70) 
thrown [s\open\src\hotspot\share\interpreter\linkResolver.cpp, line 804]
Event: 17.252 Thread 0x000001d4f6c60d50 Exception <a 'java/lang/NoSuchMethodError'{0x0000000085c05470}: 'java.lang.Object java.lang.invoke.DelegatingMethodHandle$Holder.reinvoke_L(java.lang.Object, java.lang.Object, java.lang.Object, java.lang.Object, java.lang.Object, long)'> (0x0000000085c05470) 
thrown [s\open\src\hotspot\share\interpreter\linkResolver.cpp, line 804]
Event: 17.252 Thread 0x000001d4f6c60d50 Exception <a 'java/lang/NoSuchMethodError'{0x0000000085c157c8}: 'java.lang.Object java.lang.invoke.Invokers$Holder.linkToTargetMethod(java.lang.Object, java.lang.Object, java.lang.Object, long, java.lang.Object)'> (0x0000000085c157c8) 
thrown [s\open\src\hotspot\share\interpreter\linkResolver.cpp, line 804]
Event: 17.351 Thread 0x000001d4f6c60d50 Exception <a 'java/lang/NoSuchMethodError'{0x0000000085ab53a0}: 'int java.lang.invoke.DirectMethodHandle$Holder.invokeVirtual(java.lang.Object, java.lang.Object, java.lang.Object)'> (0x0000000085ab53a0) 
thrown [s\open\src\hotspot\share\interpreter\linkResolver.cpp, line 804]
Event: 17.448 Thread 0x000001d4f6c60d50 Exception <a 'java/lang/NoClassDefFoundError'{0x0000000085757ba8}: com/fasterxml/jackson/databind/ObjectMapper> (0x0000000085757ba8) 
thrown [s\open\src\hotspot\share\classfile\systemDictionary.cpp, line 317]
Event: 17.502 Thread 0x000001d4f6c60d50 Implicit null exception at 0x000001d4e5180ab6 to 0x000001d4e5180d7c
Event: 104.656 Thread 0x000001d4f721a5d0 Exception <a 'java/lang/NoSuchMethodError'{0x0000000088474868}: 'java.lang.Object java.lang.invoke.DirectMethodHandle$Holder.invokeStatic(java.lang.Object, int, int)'> (0x0000000088474868) 
thrown [s\open\src\hotspot\share\interpreter\linkResolver.cpp, line 804]
Event: 104.664 Thread 0x000001d4f721a5d0 Exception <a 'java/io/IOException'{0x00000000884a27c8}> (0x00000000884a27c8) 
thrown [s\open\src\hotspot\share\prims\jni.cpp, line 516]

VM Operations (20 events):
Event: 2.833 Executing non-safepoint VM operation: HandshakeAllThreads (Deoptimize)
Event: 2.833 Executing non-safepoint VM operation: HandshakeAllThreads (Deoptimize) done
Event: 17.270 Executing non-safepoint VM operation: HandshakeAllThreads (Deoptimize)
Event: 17.270 Executing non-safepoint VM operation: HandshakeAllThreads (Deoptimize) done
Event: 17.347 Executing non-safepoint VM operation: HandshakeAllThreads (Deoptimize)
Event: 17.347 Executing non-safepoint VM operation: HandshakeAllThreads (Deoptimize) done
Event: 17.462 Executing safepoint VM operation: G1CollectForAllocation (G1 Evacuation Pause)
Event: 17.466 Executing safepoint VM operation: G1CollectForAllocation (G1 Evacuation Pause) done
Event: 17.602 Executing non-safepoint VM operation: HandshakeAllThreads (Deoptimize)
Event: 17.602 Executing non-safepoint VM operation: HandshakeAllThreads (Deoptimize) done
Event: 60.227 Executing non-safepoint VM operation: HandshakeAllThreads (HandshakeForDeflation)
Event: 60.227 Executing non-safepoint VM operation: HandshakeAllThreads (HandshakeForDeflation) done
Event: 60.227 Executing non-safepoint VM operation: RendezvousGCThreads
Event: 60.227 Executing non-safepoint VM operation: RendezvousGCThreads done
Event: 104.653 Executing non-safepoint VM operation: HandshakeAllThreads (Deoptimize)
Event: 104.653 Executing non-safepoint VM operation: HandshakeAllThreads (Deoptimize) done
Event: 120.361 Executing non-safepoint VM operation: HandshakeAllThreads (HandshakeForDeflation)
Event: 120.361 Executing non-safepoint VM operation: HandshakeAllThreads (HandshakeForDeflation) done
Event: 120.361 Executing non-safepoint VM operation: RendezvousGCThreads
Event: 120.361 Executing non-safepoint VM operation: RendezvousGCThreads done

Memory protections (0 events):
No events

Nmethod flushes (0 events):
No events

Events (20 events):
Event: 2.919 Thread 0x000001d4f68b5440 Thread added: 0x000001d4f6c60580
Event: 2.952 Thread 0x000001d4f68b5440 Thread added: 0x000001d4f6c60d50
Event: 2.952 Thread 0x000001d4f68b5440 Thread added: 0x000001d4f6c61520
Event: 2.952 Thread 0x000001d4f68b5440 Thread added: 0x000001d4f1906b70
Event: 2.952 Thread 0x000001d4f68b5440 Thread added: 0x000001d4f721a5d0
Event: 2.952 Thread 0x000001d4f68b5440 Thread added: 0x000001d4f721b570
Event: 2.952 Thread 0x000001d4f68b5440 Thread added: 0x000001d4f721bd40
Event: 2.952 Thread 0x000001d4f68b5440 Thread added: 0x000001d4f721c510
Event: 2.952 Thread 0x000001d4f68b5440 Thread added: 0x000001d4f721d4b0
Event: 2.952 Thread 0x000001d4f68b5440 Thread added: 0x000001d4f7219e00
Event: 2.952 Thread 0x000001d4f68b5440 Thread added: 0x000001d4f721dc80
Event: 2.966 Thread 0x000001d4f68b5440 Thread added: 0x000001d4f771a080
Event: 2.967 Thread 0x000001d4f68b5440 Thread added: 0x000001d4f771df00
Event: 2.981 Thread 0x000001d4f68b5440 Thread exited: 0x000001d4f68b5440
Event: 2.985 Thread 0x000001d4f68f39f0 Thread exited: 0x000001d4f68f39f0
Event: 2.986 Thread 0x000001d4d299b550 Thread exited: 0x000001d4d299b550
Event: 2.986 Thread 0x000001d4f771cf60 Thread added: 0x000001d4f771cf60
Event: 3.522 Thread 0x000001d4d4d95ab0 Thread exited: 0x000001d4d4d95ab0
Event: 17.410 Thread 0x000001d4d4d98300 Thread added: 0x000001d4f7bb5340
Event: 19.057 Thread 0x000001d4f7bb5340 Thread exited: 0x000001d4f7bb5340


Dynamic libraries:
0x00007ff700b50000 - 0x00007ff700b60000 	C:\Program Files\Java\jdk-25.0.3\bin\java.exe
0x00007ffdc8700000 - 0x00007ffdc8967000 	C:\WINDOWS\SYSTEM32\ntdll.dll
0x00007ffdc7bc0000 - 0x00007ffdc7c89000 	C:\WINDOWS\System32\KERNEL32.DLL
0x00007ffdc54a0000 - 0x00007ffdc5897000 	C:\WINDOWS\System32\KERNELBASE.dll
0x00007ffdc6110000 - 0x00007ffdc625b000 	C:\WINDOWS\System32\ucrtbase.dll
0x00007ffdb7a90000 - 0x00007ffdb7aa7000 	C:\Program Files\Java\jdk-25.0.3\bin\jli.dll
0x00007ffdb7a00000 - 0x00007ffdb7a1e000 	C:\Program Files\Java\jdk-25.0.3\bin\VCRUNTIME140.dll
0x00007ffdc7c90000 - 0x00007ffdc7e56000 	C:\WINDOWS\System32\USER32.dll
0x00007ffdc5470000 - 0x00007ffdc5497000 	C:\WINDOWS\System32\win32u.dll
0x00007ffdc84e0000 - 0x00007ffdc850b000 	C:\WINDOWS\System32\GDI32.dll
0x00007ffdaefb0000 - 0x00007ffdaf242000 	C:\WINDOWS\WinSxS\amd64_microsoft.windows.common-controls_6595b64144ccf1df_6.0.26100.8457_none_3e0b2faee331e92d\COMCTL32.dll
0x00007ffdc5130000 - 0x00007ffdc525c000 	C:\WINDOWS\System32\gdi32full.dll
0x00007ffdc8610000 - 0x00007ffdc86b9000 	C:\WINDOWS\System32\msvcrt.dll
0x00007ffdc6310000 - 0x00007ffdc63b3000 	C:\WINDOWS\System32\msvcp_win.dll
0x00007ffdc7b80000 - 0x00007ffdc7bb2000 	C:\WINDOWS\System32\IMM32.DLL
0x00007ffdc19a0000 - 0x00007ffdc19ac000 	C:\Program Files\Java\jdk-25.0.3\bin\vcruntime140_1.dll
0x00007ffd80680000 - 0x00007ffd8070d000 	C:\Program Files\Java\jdk-25.0.3\bin\msvcp140.dll
0x00007ffd30560000 - 0x00007ffd313c0000 	C:\Program Files\Java\jdk-25.0.3\bin\server\jvm.dll
0x00007ffdc64a0000 - 0x00007ffdc6556000 	C:\WINDOWS\System32\ADVAPI32.dll
0x00007ffdc75d0000 - 0x00007ffdc7677000 	C:\WINDOWS\System32\sechost.dll
0x00007ffdc7090000 - 0x00007ffdc71a8000 	C:\WINDOWS\System32\RPCRT4.dll
0x00007ffdc7540000 - 0x00007ffdc75c0000 	C:\WINDOWS\System32\WS2_32.dll
0x00007ffdbd780000 - 0x00007ffdbd78b000 	C:\WINDOWS\SYSTEM32\VERSION.dll
0x00007ffdc4f90000 - 0x00007ffdc4fee000 	C:\WINDOWS\SYSTEM32\POWRPROF.dll
0x00007ffdb96d0000 - 0x00007ffdb9706000 	C:\WINDOWS\SYSTEM32\WINMM.dll
0x00007ffdc4f70000 - 0x00007ffdc4f84000 	C:\WINDOWS\SYSTEM32\UMPDC.dll
0x00007ffdc3ec0000 - 0x00007ffdc3edb000 	C:\WINDOWS\SYSTEM32\kernel.appcore.dll
0x00007ffdbee30000 - 0x00007ffdbee3a000 	C:\Program Files\Java\jdk-25.0.3\bin\jimage.dll
0x00007ffdc2f90000 - 0x00007ffdc31d2000 	C:\WINDOWS\SYSTEM32\DBGHELP.DLL
0x00007ffdc71b0000 - 0x00007ffdc7533000 	C:\WINDOWS\System32\combase.dll
0x00007ffdc83b0000 - 0x00007ffdc8489000 	C:\WINDOWS\System32\OLEAUT32.dll
0x00007ffdb7970000 - 0x00007ffdb79ab000 	C:\WINDOWS\SYSTEM32\dbgcore.DLL
0x00007ffdc6260000 - 0x00007ffdc6308000 	C:\WINDOWS\System32\bcryptPrimitives.dll
0x00007ffdaeab0000 - 0x00007ffdaeacf000 	C:\Program Files\Java\jdk-25.0.3\bin\java.dll
0x00007ffdc6760000 - 0x00007ffdc68f7000 	C:\WINDOWS\System32\ole32.dll
0x00007ffdc6910000 - 0x00007ffdc707e000 	C:\WINDOWS\System32\SHELL32.dll
0x00007ffdc58a0000 - 0x00007ffdc610c000 	C:\WINDOWS\System32\windows.storage.dll
0x00007ffdc7a80000 - 0x00007ffdc7b76000 	C:\WINDOWS\System32\SHCORE.dll
0x00007ffdc8510000 - 0x00007ffdc8576000 	C:\WINDOWS\System32\shlwapi.dll
0x00007ffdc5050000 - 0x00007ffdc5079000 	C:\WINDOWS\SYSTEM32\profapi.dll
0x00007ffdaea90000 - 0x00007ffdaeaa2000 	C:\Program Files\Java\jdk-25.0.3\bin\net.dll
0x00007ffdc4430000 - 0x00007ffdc449c000 	C:\WINDOWS\system32\mswsock.dll
0x00007ffda86c0000 - 0x00007ffda86d6000 	C:\Program Files\Java\jdk-25.0.3\bin\nio.dll
0x00007ffda86a0000 - 0x00007ffda86b7000 	C:\Program Files\Java\jdk-25.0.3\bin\zip.dll
0x00007ffdbc220000 - 0x00007ffdbc22a000 	C:\Program Files\Java\jdk-25.0.3\bin\management.dll
0x00007ffdbc130000 - 0x00007ffdbc13c000 	C:\Program Files\Java\jdk-25.0.3\bin\management_ext.dll
0x00007ffdc83a0000 - 0x00007ffdc83a8000 	C:\WINDOWS\System32\PSAPI.DLL
0x00007ffdb7a80000 - 0x00007ffdb7a8e000 	C:\Program Files\Java\jdk-25.0.3\bin\sunmscapi.dll
0x00007ffdc5260000 - 0x00007ffdc53d8000 	C:\WINDOWS\System32\CRYPT32.dll
0x00007ffdc4930000 - 0x00007ffdc4960000 	C:\WINDOWS\SYSTEM32\ncrypt.dll
0x00007ffdc48e0000 - 0x00007ffdc491f000 	C:\WINDOWS\SYSTEM32\NTASN1.dll
0x00007ffdc4710000 - 0x00007ffdc472b000 	C:\WINDOWS\SYSTEM32\CRYPTSP.dll
0x00007ffdc3e20000 - 0x00007ffdc3e59000 	C:\WINDOWS\system32\rsaenh.dll
0x00007ffdc44e0000 - 0x00007ffdc4513000 	C:\WINDOWS\SYSTEM32\USERENV.dll
0x00007ffdc5020000 - 0x00007ffdc504a000 	C:\WINDOWS\SYSTEM32\bcrypt.dll
0x00007ffdc4730000 - 0x00007ffdc473c000 	C:\WINDOWS\SYSTEM32\CRYPTBASE.dll
0x00007ffdc3960000 - 0x00007ffdc3992000 	C:\WINDOWS\SYSTEM32\IPHLPAPI.DLL
0x00007ffdc7e90000 - 0x00007ffdc7e9a000 	C:\WINDOWS\System32\NSI.dll
0x00007ffdaea40000 - 0x00007ffdaea49000 	C:\Program Files\Java\jdk-25.0.3\bin\extnet.dll
0x00007ffdc04b0000 - 0x00007ffdc04b8000 	C:\WINDOWS\system32\wshunix.dll

JVMTI agents: none

dbghelp: loaded successfully - version: 4.0.5 - missing functions: none
symbol engine: initialized successfully - sym options: 0x614 - pdb path: .;C:\Program Files\Java\jdk-25.0.3\bin;C:\WINDOWS\SYSTEM32;C:\WINDOWS\WinSxS\amd64_microsoft.windows.common-controls_6595b64144ccf1df_6.0.26100.8457_none_3e0b2faee331e92d;C:\Program Files\Java\jdk-25.0.3\bin\server

VM Arguments:
jvm_args: -XX:+ShowCodeDetailsInExceptionMessages 
java_command: com.example.blog_app.BlogAppApplication
java_class_path (initial): C:\Users\Admin2026\Desktop\īżÅC\13_āvāŹāWāFāNāgēēÅK\dev\blog-app\target\classes;C:\Users\Admin2026\.m2\repository\org\springframework\boot\spring-boot-starter-jdbc\4.0.6\spring-boot-starter-jdbc-4.0.6.jar;C:\Users\Admin2026\.m2\repository\org\springframework\boot\spring-boot-starter\4.0.6\spring-boot-starter-4.0.6.jar;C:\Users\Admin2026\.m2\repository\org\springframework\boot\spring-boot-starter-logging\4.0.6\spring-boot-starter-logging-4.0.6.jar;C:\Users\Admin2026\.m2\repository\ch\qos\logback\logback-classic\1.5.32\logback-classic-1.5.32.jar;C:\Users\Admin2026\.m2\repository\ch\qos\logback\logback-core\1.5.32\logback-core-1.5.32.jar;C:\Users\Admin2026\.m2\repository\org\apache\logging\log4j\log4j-to-slf4j\2.25.4\log4j-to-slf4j-2.25.4.jar;C:\Users\Admin2026\.m2\repository\org\apache\logging\log4j\log4j-api\2.25.4\log4j-api-2.25.4.jar;C:\Users\Admin2026\.m2\repository\org\slf4j\jul-to-slf4j\2.0.17\jul-to-slf4j-2.0.17.jar;C:\Users\Admin2026\.m2\repository\jakarta\annotation\jakarta.annotation-api\3.0.0\jakarta.annotation-api-3.0.0.jar;C:\Users\Admin2026\.m2\repository\org\yaml\snakeyaml\2.5\snakeyaml-2.5.jar;C:\Users\Admin2026\.m2\repository\org\springframework\boot\spring-boot-jdbc\4.0.6\spring-boot-jdbc-4.0.6.jar;C:\Users\Admin2026\.m2\repository\org\springframework\boot\spring-boot-sql\4.0.6\spring-boot-sql-4.0.6.jar;C:\Users\Admin2026\.m2\repository\org\springframework\boot\spring-boot-transaction\4.0.6\spring-boot-transaction-4.0.6.jar;C:\Users\Admin2026\.m2\repository\org\springframework\boot\spring-boot-persistence\4.0.6\spring-boot-persistence-4.0.6.jar;C:\Users\Admin2026\.m2\repository\org\springframework\spring-tx\7.0.7\spring-tx-7.0.7.jar;C:\Users\Admin2026\.m2\repository\org\springframework\spring-jdbc\7.0.7\spring-jdbc-7.0.7.jar;C:\Users\Admin2026\.m2\repository\org\springframework\spring-beans\7.0.7\spring-beans-7.0.7.jar;C:\Users\Admin2026\.m2\repository\com\zaxxer\HikariCP\7.0.2\HikariCP-7.0.2.jar;C:\Users\Admin2026\.m2\repository\org\slf4j\slf4j-api\2.0.17\slf4j-api-2.0.17.jar;C:\Users\Admin2026\.m2\repository\org\springframework\boot\spring-boot-starter-thymeleaf\4.0.6\spring-boot-starter-thymeleaf-4.0.6.jar;C:\Users\Admin2026\.m2\repository\org\springframework\boot\spring-boot-thymeleaf\4.0.6\spring-boot-thymeleaf-4.0.6.jar;C:\Users\Admin2026\.m2\repository\org\thymeleaf\thymeleaf-spring6\3.1.5.RELEASE\thymeleaf-spring6-3.1.5.RELEASE.jar;C:\Users\Admin2026\.m2\repository\org\thymeleaf\thymeleaf\3.1.5.RELEASE\thymeleaf-3.1.5.RELEASE.jar;C:\Users\Admin2026\.m2\repository\org\attoparser\attoparser\2.0.7.RELEASE\attoparser-2.0.7.RELEASE.jar;C:\Users\Admin2026\.m2\repository\org\unbescape\unbescape\1.1.6.RELEASE\unbescape-1.1.6.RELEASE.jar;C:\Users\Admin2026\.m2\repository\org\springframework\spring-web\7.0.7\spring-web-7.0.7.jar;C:\Users\Admin2026\.m2\repository\io\micrometer\micrometer-observation\1.16.5\micrometer-observation-1.16.5.jar;C:\Users\Admin2026\.m2\repository\io\micrometer\micrometer-commons\1.16.5\micrometer-commons-1.16.5.jar;C:\Users\Admin2026\.m2\repository\org\springframework\boot\spring-boot-starter-webmvc\4.0.6\spring-boot-starter-webmvc-4.0.6.jar;C:\Users\Admin2026\.m2\repository\org\springframework\boot\spring-boot-starter-jackson\4.0.6\spring-boot-starter-jackson-4.0.6.jar;C:\Users\Admin2026\.m2\repository\org\springframework\boot\spring-boot-jackson\4.0.6\spring-boot-jackson-4.0.6.jar;C:\Users\Admin2026\.m2\repository\tools\jackson\core\jackson-databind\3.1.2\jackson-databind-3.1.2.jar;C:\Users\Admin2026\.m2\repository\com\fasterxml\jackson\core\jackson-annotations\2.21\jackson-annotations-2.21.jar;C:\Users\Admin2026\.m2\repository\tools\jackson\core\jackson-core\3.1.2\jackson-core-3.1.2.jar;C:\Users\Admin2026\.m2\repository\org\springframework\boot\spring-boot-starter-tomcat\4.0.6\spring-boot-starter-tomcat-4.0.6.jar;C:\Users\Admin2026\.m2\repository\org\springframework\boot\spring-boot-starter-tomcat-runtime\4.0.6\spring-boot-starter-tomcat-runtime-4.0.6.jar;C:\Users\Admin2026\.m2\repository\org\apache\tomcat\embed\tomcat-embed-core\11.0.21\tomcat-embed-core-11.0.21.jar;C:\Users\Admin2026\.m2\repository\org\apache\tomcat\embed\tomcat-embed-el\11.0.21\tomcat-embed-el-11.0.21.jar;C:\Users\Admin2026\.m2\repository\org\apache\tomcat\embed\tomcat-embed-websocket\11.0.21\tomcat-embed-websocket-11.0.21.jar;C:\Users\Admin2026\.m2\repository\org\springframework\boot\spring-boot-tomcat\4.0.6\spring-boot-tomcat-4.0.6.jar;C:\Users\Admin2026\.m2\repository\org\springframework\boot\spring-boot-http-converter\4.0.6\spring-boot-http-converter-4.0.6.jar;C:\Users\Admin2026\.m2\repository\org\springframework\boot\spring-boot-webmvc\4.0.6\spring-boot-webmvc-4.0.6.jar;C:\Users\Admin2026\.m2\repository\org\springframework\boot\spring-boot-servlet\4.0.6\spring-boot-servlet-4.0.6.jar;C:\Users\Admin2026\.m2\repository\org\springframework\spring-webmvc\7.0.7\spring-webmvc-7.0.7.jar;C:\Users\Admin2026\.m2\repository\org\springframework\spring-aop\7.0.7\spring-aop-7.0.7.jar;C:\Users\Admin2026\.m2\repository\org\springframework\spring-expression\7.0.7\spring-expression-7.0.7.jar;C:\Users\Admin2026\.m2\repository\org\springframework\boot\spring-boot-devtools\4.0.6\spring-boot-devtools-4.0.6.jar;C:\Users\Admin2026\.m2\repository\org\springframework\boot\spring-boot\4.0.6\spring-boot-4.0.6.jar;C:\Users\Admin2026\.m2\repository\org\springframework\spring-core\7.0.7\spring-core-7.0.7.jar;C:\Users\Admin2026\.m2\repository\commons-logging\commons-logging\1.3.6\commons-logging-1.3.6.jar;C:\Users\Admin2026\.m2\repository\org\jspecify\jspecify\1.0.0\jspecify-1.0.0.jar;C:\Users\Admin2026\.m2\repository\org\springframework\spring-context\7.0.7\spring-context-7.0.7.jar;C:\Users\Admin2026\.m2\repository\org\springframework\boot\spring-boot-autoconfigure\4.0.6\spring-boot-autoconfigure-4.0.6.jar;C:\Users\Admin2026\.m2\repository\com\mysql\mysql-connector-j\9.7.0\mysql-connector-j-9.7.0.jar;C:\Users\Admin2026\.m2\repository\org\springframework\boot\spring-boot-web-server\4.0.6\spring-boot-web-server-4.0.6.jar
Launcher Type: SUN_STANDARD

[Global flags]
     intx CICompilerCount                          = 4                                         {product} {ergonomic}
     uint ConcGCThreads                            = 2                                         {product} {ergonomic}
     uint G1ConcRefinementThreads                  = 8                                         {product} {ergonomic}
   size_t G1HeapRegionSize                         = 1048576                                   {product} {ergonomic}
   size_t InitialHeapSize                          = 130023424                                 {product} {ergonomic}
   size_t MarkStackSize                            = 4194304                                   {product} {ergonomic}
   size_t MarkStackSizeMax                         = 536870912                                 {product} {ergonomic}
   size_t MaxHeapSize                              = 2078277632                                {product} {ergonomic}
   size_t MaxNewSize                               = 1246756864                                {product} {ergonomic}
   size_t MinHeapDeltaBytes                        = 1048576                                   {product} {ergonomic}
   size_t MinHeapSize                              = 8388608                                   {product} {ergonomic}
    uintx NonNMethodCodeHeapSize                   = 5832704                                {pd product} {ergonomic}
    uintx NonProfiledCodeHeapSize                  = 122945536                              {pd product} {ergonomic}
    uintx ProfiledCodeHeapSize                     = 122880000                              {pd product} {ergonomic}
    uintx ReservedCodeCacheSize                    = 251658240                              {pd product} {ergonomic}
     bool SegmentedCodeCache                       = true                                      {product} {ergonomic}
     bool ShowCodeDetailsInExceptionMessages       = true                                   {manageable} {command line}
   size_t SoftMaxHeapSize                          = 2078277632                             {manageable} {ergonomic}
     bool UseCompressedOops                        = true                           {product lp64_product} {ergonomic}
     bool UseG1GC                                  = true                                      {product} {ergonomic}
     bool UseLargePagesIndividualAllocation        = false                                  {pd product} {ergonomic}

Logging:
Log output configuration:
 #0: stdout all=warning uptime,level,tags foldmultilines=false
 #1: stderr all=off uptime,level,tags foldmultilines=false

Release file:
IMPLEMENTOR="Oracle Corporation" 
JAVA_RUNTIME_VERSION="25.0.3+9-LTS-195" 
JAVA_VERSION="25.0.3" 
JAVA_VERSION_DATE="2026-04-21" 
LIBC="default" 
MODULES="java.base java.compiler java.datatransfer java.xml java.prefs java.desktop java.instrument java.logging java.management java.security.sasl java.naming java.rmi java.management.rmi java.net.http java.scripting java.security.jgss java.transaction.xa java.sql java.sql.rowset java.xml.crypto java.se java.smartcardio jdk.accessibility jdk.internal.jvmstat jdk.attach jdk.charsets jdk.internal.opt jdk.zipfs jdk.compiler jdk.crypto.cryptoki jdk.crypto.ec jdk.crypto.mscapi jdk.dynalink jdk.internal.ed jdk.editpad jdk.internal.vm.ci jdk.graal.compiler jdk.graal.compiler.management jdk.hotspot.agent jdk.httpserver jdk.incubator.vector jdk.internal.le jdk.internal.md jdk.jartool jdk.javadoc jdk.jcmd jdk.management jdk.management.agent jdk.jconsole jdk.jdeps jdk.jdwp.agent jdk.jdi jdk.jfr jdk.jlink jdk.jpackage jdk.jshell jdk.jsobject jdk.jstatd jdk.localedata jdk.management.jfr jdk.naming.dns jdk.naming.rmi jdk.net jdk.nio.mapmode jdk.sctp jdk.security.auth jdk.security.jgss jdk.unsupported jdk.unsupported.desktop jdk.xml.dom" 
OS_ARCH="x86_64" 
OS_NAME="Windows" 
SOURCE=".:git:bf167394bb46 open:git:e57ac4c1e765" 

Environment Variables:
JAVA_HOME=C:\Program Files\Java\jdk-25
PATH=C:\Program Files\Common Files\Oracle\Java\javapath;C:\WINDOWS\system32;C:\WINDOWS;C:\WINDOWS\System32\Wbem;C:\WINDOWS\System32\WindowsPowerShell\v1.0\;C:\WINDOWS\System32\OpenSSH\;C:\Program Files\dotnet\;C:\Program Files\nodejs\;C:\Program Files\Docker\Docker\resources\bin;C:\Program Files\Git\cmd;C:\Program Files\GitHub CLI\;C:\Users\Admin2026\AppData\Local\Microsoft\WindowsApps;C:\Users\Admin2026\AppData\Roaming\npm;C:\Users\Admin2026\AppData\Local\Programs\Microsoft VS Code\bin;c:\Users\Admin2026\.vscode\extensions\vscjava.vscode-java-debug-0.59.0\bundled\scripts\noConfigScripts
USERNAME=Admin2026
LANG=ja_JP.UTF-8
OS=Windows_NT
PROCESSOR_IDENTIFIER=Intel64 Family 6 Model 140 Stepping 1, GenuineIntel
TMP=C:\Users\ADMIN2~1\AppData\Local\Temp
TEMP=C:\Users\ADMIN2~1\AppData\Local\Temp




Compilation memory statistics disabled.

Periodic native trim disabled

---------------  S Y S T E M  ---------------

OS:
 Windows 11 , 64 bit Build 26100 (10.0.26100.8328)
OS uptime: 18 days 3:05 hours
Hyper-V role detected

CPU: total 8 (initial active 8) (4 cores per cpu, 2 threads per core) family 6 model 140 stepping 1 microcode 0xbe, cx8, cmov, fxsr, ht, mmx, 3dnowpref, sse, sse2, sse3, ssse3, sse4.1, sse4.2, popcnt, lzcnt, tsc, tscinvbit, avx, avx2, aes, erms, clmul, bmi1, bmi2, adx, avx512f, avx512dq, avx512cd, avx512bw, avx512vl, sha, fma, vzeroupper, avx512_vpopcntdq, avx512_vpclmulqdq, avx512_vaes, avx512_vnni, clflush, clflushopt, clwb, avx512_vbmi2, avx512_vbmi, hv, rdtscp, rdpid, fsrm, gfni, avx512_bitalg, f16c, cet_ibt, cet_ss, avx512_ifma
Processor Information for the first 8 processors :
  Max Mhz: 2419, Current Mhz: 2419, Mhz Limit: 2419

Memory: 4k page, system-wide physical 7926M (435M free)
TotalPageFile size 32502M (AvailPageFile size 3M)
current process WorkingSet (physical memory assigned to process): 94M, peak: 183M
current process commit charge ("private bytes"): 201M, peak: 285M

vm_info: Java HotSpot(TM) 64-Bit Server VM (25.0.3+9-LTS-195) for windows-amd64 JRE (25.0.3+9-LTS-195), built on 2026-03-11T00:20:00Z with MS VC++ 17.13 (VS2022)

END.
